<?xml version="1.0" encoding="UTF-8"?>
<testng-results ignored="0" total="2" passed="2" failed="0" skipped="0">
  <reporter-output>
  </reporter-output>
  <suite started-at="2023-01-30T14:06:50 IST" name="Suite" finished-at="2023-01-30T14:07:11 IST" duration-ms="21395">
    <groups>
    </groups>
    <test started-at="2023-01-30T14:06:50 IST" name="SSL Test01" finished-at="2023-01-30T14:07:00 IST" duration-ms="10033">
      <class name="SSL_Certificate.Handle_SSL_certify">
        <test-method is-config="true" signature="setUp(java.lang.String)[pri:0, instance:SSL_Certificate.Handle_SSL_certify@3c7f66c4]" started-at="2023-01-30T14:06:50 IST" name="setUp" finished-at="2023-01-30T14:06:53 IST" duration-ms="2848" status="PASS">
          <params>
            <param index="0">
              <value>
                <![CDATA[chrome]]>
              </value>
            </param>
          </params>
          <reporter-output>
          </reporter-output>
        </test-method> <!-- setUp -->
        <test-method signature="testSSL()[pri:0, instance:SSL_Certificate.Handle_SSL_certify@3c7f66c4]" started-at="2023-01-30T14:06:53 IST" name="testSSL" finished-at="2023-01-30T14:06:58 IST" duration-ms="5921" status="PASS">
          <reporter-output>
          </reporter-output>
        </test-method> <!-- testSSL -->
        <test-method is-config="true" signature="tearDown()[pri:0, instance:SSL_Certificate.Handle_SSL_certify@3c7f66c4]" started-at="2023-01-30T14:06:59 IST" name="tearDown" finished-at="2023-01-30T14:07:00 IST" duration-ms="1228" status="PASS">
          <reporter-output>
          </reporter-output>
        </test-method> <!-- tearDown -->
      </class> <!-- SSL_Certificate.Handle_SSL_certify -->
    </test> <!-- SSL Test01 -->
    <test started-at="2023-01-30T14:07:00 IST" name="SSL Test02" finished-at="2023-01-30T14:07:11 IST" duration-ms="11323">
      <class name="SSL_Certificate.Handle_SSL_certify">
        <test-method is-config="true" signature="setUp(java.lang.String)[pri:0, instance:SSL_Certificate.Handle_SSL_certify@5a45133e]" started-at="2023-01-30T14:07:00 IST" name="setUp" finished-at="2023-01-30T14:07:05 IST" duration-ms="4862" status="PASS">
          <params>
            <param index="0">
              <value>
                <![CDATA[firefox]]>
              </value>
            </param>
          </params>
          <reporter-output>
          </reporter-output>
        </test-method> <!-- setUp -->
        <test-method signature="testSSL()[pri:0, instance:SSL_Certificate.Handle_SSL_certify@5a45133e]" started-at="2023-01-30T14:07:05 IST" name="testSSL" finished-at="2023-01-30T14:07:10 IST" duration-ms="5021" status="PASS">
          <reporter-output>
          </reporter-output>
        </test-method> <!-- testSSL -->
        <test-method is-config="true" signature="tearDown()[pri:0, instance:SSL_Certificate.Handle_SSL_certify@5a45133e]" started-at="2023-01-30T14:07:10 IST" name="tearDown" finished-at="2023-01-30T14:07:11 IST" duration-ms="1436" status="PASS">
          <reporter-output>
          </reporter-output>
        </test-method> <!-- tearDown -->
      </class> <!-- SSL_Certificate.Handle_SSL_certify -->
    </test> <!-- SSL Test02 -->
  </suite> <!-- Suite -->
</testng-results>
